Ada
Sofia
Ida
Freja
Emma
Isabella
Sofie
Maja
Laura
Clara
Mathilde
Anna
Josefine
Caroline
Alberte
Laerke
Karla
Alma
Victoria
Ella
Liva
Olivia
Frida
Mille
Emilie
Agnes
Marie
Sara
Julie
Nanna
Filippa
Naja
Nicoline
Signe
Johanne
Emily
Merle
Silje
Lea
Cecilie
Rosa
Astrid
Asta
Katrine
Silke
Celina
Luna
Andrea
Lily
Tilde
Esther
Connie
Helle
Anne
Tanya
Louise
Louisa
Camilla
Kamilla
Stine
Christina
Nanna
Kirsten
Hanne
Mette
Susanne
Lene
Karen
Karin
Inge
Emma
Ida
Clara
Laura
Isabella
Lisbeth
Sofia
Sofie
Mathilde
Freja
Alexandra
Andrea
Anker
Anna
Anne
Annika
Astrid
August
Benedicte
Birthe
Bodil
Mai
Pernille
Pia
Dorthe
Lise
Vibeke