William
Lucas
Victor
Noah
Oscar
Liam
Frederik
Emil
Oliver
Magnus
Mikkel
Alexander
Mathias
Elias
Malthe
Sebastian
Anton
Christian
Villads
Carl
Mads
August
Benjamin
Tobias
Valdemar
Alfred
Johan
Marius
Jakob
Jonas
Nikolaj
Aksel
Marcus
Silas
Adam
Felix
Rasmus
Jonathan
Andreas
Sander
Albert
Storm
Philip
Gustav
Tristan
Bertram
Nicklas
Simon
Kasper
Daniel
Lars
Asmus
Anders
Michael
Kenneth
Christian
Jens
Peter
Henrik
Soeren
Niels
Hans
Joergen
Thomas
Lucas
Magnus
Mathias
Frederik
Oliver
Emil
Mikkel
Victor
Tobias
Sebastian
Aage
Abel
Abraham
Adam
Aksel
Albert
Alhed
Allan
Amir
Anders
Antoine
Anton
Arne
Arnold
Asbjoern
Asger
Axel
Barclay
Bendt
Benedict
Bent
Bjarke
Bjarne
Bjoern
Brian
Finn
Jacob
Jakob
Nick
Per
Kim
Karsten
Karl
Erik
Jens
Mogens
Chresten
Mikkel
Poul
Nicolaj
Jonatan